{
  "stats": {
    "suites": 4,
    "tests": 17,
    "passes": 17,
    "pending": 0,
    "failures": 0,
    "start": "2025-02-25T04:49:54.524Z",
    "end": "2025-02-25T04:52:00.697Z",
    "duration": 126173,
    "testsRegistered": 17,
    "passPercent": 100,
    "pendingPercent": 0,
    "other": 0,
    "hasOther": false,
    "skipped": 0,
    "hasSkipped": false
  },
  "results": [
    {
      "uuid": "b5beb29e-ce90-421a-9edc-53bfee6993af",
      "title": "",
      "fullFile": "cypress\\ProjectTraining\\orangehrm\\FullTest.cy.js",
      "file": "cypress\\ProjectTraining\\orangehrm\\FullTest.cy.js",
      "beforeHooks": [],
      "afterHooks": [],
      "tests": [],
      "suites": [
        {
          "uuid": "04bc6282-2437-4304-b6d6-20eebe7c199a",
          "title": "OrangeHRM Full Test",
          "fullFile": "",
          "file": "",
          "beforeHooks": [],
          "afterHooks": [],
          "tests": [],
          "suites": [
            {
              "uuid": "6e39acb8-3523-4d29-854f-6f49b05b81c9",
              "title": "Admin - User Management",
              "fullFile": "",
              "file": "",
              "beforeHooks": [],
              "afterHooks": [],
              "tests": [
                {
                  "title": "Login",
                  "fullTitle": "OrangeHRM Full Test Admin - User Management Login",
                  "timedOut": null,
                  "duration": 6979,
                  "state": "passed",
                  "speed": "medium",
                  "pass": true,
                  "fail": false,
                  "pending": false,
                  "context": null,
                  "code": "_Utility.default.login('Admin', 'admin123');",
                  "err": {},
                  "uuid": "c0762407-0bf8-464c-b6f5-b1a136085fae",
                  "parentUUID": "6e39acb8-3523-4d29-854f-6f49b05b81c9",
                  "isHook": false,
                  "skipped": false
                },
                {
                  "title": "Verify Top Bar Menu",
                  "fullTitle": "OrangeHRM Full Test Admin - User Management Verify Top Bar Menu",
                  "timedOut": null,
                  "duration": 4464,
                  "state": "passed",
                  "speed": "fast",
                  "pass": true,
                  "fail": false,
                  "pending": false,
                  "context": null,
                  "code": "_Utility.default.goToAdmin();\n_AdminUserManagement.default.verifyTopbarMenu();",
                  "err": {},
                  "uuid": "3ba5f450-c40e-4037-acda-afea9403d417",
                  "parentUUID": "6e39acb8-3523-4d29-854f-6f49b05b81c9",
                  "isHook": false,
                  "skipped": false
                },
                {
                  "title": "Add New Username",
                  "fullTitle": "OrangeHRM Full Test Admin - User Management Add New Username",
                  "timedOut": null,
                  "duration": 38292,
                  "state": "passed",
                  "speed": "slow",
                  "pass": true,
                  "fail": false,
                  "pending": false,
                  "context": null,
                  "code": "_AdminUserManagement.default.addUser(username, password, role, status);\n_AdminUserManagement.default.addUser('Pekok123', password, role, status);\n_AdminUserManagement.default.addUser('Pekok12345', password, role, status);",
                  "err": {},
                  "uuid": "c7b09b0a-400f-4bd3-b0e2-3cbfe5b041c1",
                  "parentUUID": "6e39acb8-3523-4d29-854f-6f49b05b81c9",
                  "isHook": false,
                  "skipped": false
                },
                {
                  "title": "Edit Username",
                  "fullTitle": "OrangeHRM Full Test Admin - User Management Edit Username",
                  "timedOut": null,
                  "duration": 8543,
                  "state": "passed",
                  "speed": "medium",
                  "pass": true,
                  "fail": false,
                  "pending": false,
                  "context": null,
                  "code": "_AdminUserManagement.default.editUsername(username, 'DudTetsuyaBaru');",
                  "err": {},
                  "uuid": "9652a49f-461e-40d6-adbe-c73ee843a7a0",
                  "parentUUID": "6e39acb8-3523-4d29-854f-6f49b05b81c9",
                  "isHook": false,
                  "skipped": false
                },
                {
                  "title": "Delete Username",
                  "fullTitle": "OrangeHRM Full Test Admin - User Management Delete Username",
                  "timedOut": null,
                  "duration": 238,
                  "state": "passed",
                  "speed": "fast",
                  "pass": true,
                  "fail": false,
                  "pending": false,
                  "context": null,
                  "code": "_Utility.default.deleteItem('DudTetsuyaBaru');",
                  "err": {},
                  "uuid": "0f920d59-ac94-4f94-98b6-d0667d1f8921",
                  "parentUUID": "6e39acb8-3523-4d29-854f-6f49b05b81c9",
                  "isHook": false,
                  "skipped": false
                },
                {
                  "title": "Delete Multiple Usernames",
                  "fullTitle": "OrangeHRM Full Test Admin - User Management Delete Multiple Usernames",
                  "timedOut": null,
                  "duration": 389,
                  "state": "passed",
                  "speed": "fast",
                  "pass": true,
                  "fail": false,
                  "pending": false,
                  "context": null,
                  "code": "_Utility.default.deleteMultipleItems(['Pekok123', 'Pekok12345']);",
                  "err": {},
                  "uuid": "58975f95-40eb-49ce-ac00-b3e5a6ece8eb",
                  "parentUUID": "6e39acb8-3523-4d29-854f-6f49b05b81c9",
                  "isHook": false,
                  "skipped": false
                }
              ],
              "suites": [],
              "passes": [
                "c0762407-0bf8-464c-b6f5-b1a136085fae",
                "3ba5f450-c40e-4037-acda-afea9403d417",
                "c7b09b0a-400f-4bd3-b0e2-3cbfe5b041c1",
                "9652a49f-461e-40d6-adbe-c73ee843a7a0",
                "0f920d59-ac94-4f94-98b6-d0667d1f8921",
                "58975f95-40eb-49ce-ac00-b3e5a6ece8eb"
              ],
              "failures": [],
              "pending": [],
              "skipped": [],
              "duration": 58905,
              "root": false,
              "rootEmpty": false,
              "_timeout": 2000
            },
            {
              "uuid": "cf2229a9-7746-40bb-bd13-630878eac175",
              "title": "Job - Job Titles",
              "fullFile": "",
              "file": "",
              "beforeHooks": [],
              "afterHooks": [],
              "tests": [
                {
                  "title": "Login",
                  "fullTitle": "OrangeHRM Full Test Job - Job Titles Login",
                  "timedOut": null,
                  "duration": 7,
                  "state": "passed",
                  "speed": "fast",
                  "pass": true,
                  "fail": false,
                  "pending": false,
                  "context": null,
                  "code": "_Utility.default.login('Admin', 'admin123');",
                  "err": {},
                  "uuid": "8af2bccc-715e-4a20-86d5-163e07937856",
                  "parentUUID": "cf2229a9-7746-40bb-bd13-630878eac175",
                  "isHook": false,
                  "skipped": false
                },
                {
                  "title": "Access Job Titles page",
                  "fullTitle": "OrangeHRM Full Test Job - Job Titles Access Job Titles page",
                  "timedOut": null,
                  "duration": 2311,
                  "state": "passed",
                  "speed": "fast",
                  "pass": true,
                  "fail": false,
                  "pending": false,
                  "context": null,
                  "code": "_Utility.default.goToAdmin();\n_AdminJob.default.goToJobTitle();",
                  "err": {},
                  "uuid": "3683d6c1-f701-4c86-b8be-ec815c3fcc5a",
                  "parentUUID": "cf2229a9-7746-40bb-bd13-630878eac175",
                  "isHook": false,
                  "skipped": false
                },
                {
                  "title": "Add a new Job Title",
                  "fullTitle": "OrangeHRM Full Test Job - Job Titles Add a new Job Title",
                  "timedOut": null,
                  "duration": 26658,
                  "state": "passed",
                  "speed": "slow",
                  "pass": true,
                  "fail": false,
                  "pending": false,
                  "context": null,
                  "code": "_AdminJob.default.addJobTitle('Cypress Automation', 'Automate all test', 'Love Automation', true);\n_AdminJob.default.addJobTitle('Cypress Automation 1', false);\n_AdminJob.default.addJobTitle('Cypress Automation 2', false);",
                  "err": {},
                  "uuid": "6ba147ae-5c39-42c6-9082-19e8781ba60d",
                  "parentUUID": "cf2229a9-7746-40bb-bd13-630878eac175",
                  "isHook": false,
                  "skipped": false
                },
                {
                  "title": "Edit an existing Job Title",
                  "fullTitle": "OrangeHRM Full Test Job - Job Titles Edit an existing Job Title",
                  "timedOut": null,
                  "duration": 7682,
                  "state": "passed",
                  "speed": "medium",
                  "pass": true,
                  "fail": false,
                  "pending": false,
                  "context": null,
                  "code": "_AdminJob.default.editJobTitle('Cypress Automation', 'Senior Cypress Automation');",
                  "err": {},
                  "uuid": "e8904150-3476-444b-a67e-93d46abefd41",
                  "parentUUID": "cf2229a9-7746-40bb-bd13-630878eac175",
                  "isHook": false,
                  "skipped": false
                },
                {
                  "title": "Delete a Job Title",
                  "fullTitle": "OrangeHRM Full Test Job - Job Titles Delete a Job Title",
                  "timedOut": null,
                  "duration": 211,
                  "state": "passed",
                  "speed": "fast",
                  "pass": true,
                  "fail": false,
                  "pending": false,
                  "context": null,
                  "code": "_Utility.default.deleteItem('Senior Cypress Automation');",
                  "err": {},
                  "uuid": "a4895954-3476-4017-840f-e3c559873a7b",
                  "parentUUID": "cf2229a9-7746-40bb-bd13-630878eac175",
                  "isHook": false,
                  "skipped": false
                },
                {
                  "title": "Delete Multiple Usernames",
                  "fullTitle": "OrangeHRM Full Test Job - Job Titles Delete Multiple Usernames",
                  "timedOut": null,
                  "duration": 3739,
                  "state": "passed",
                  "speed": "fast",
                  "pass": true,
                  "fail": false,
                  "pending": false,
                  "context": null,
                  "code": "_Utility.default.deleteMultipleItems(['Cypress Automation 1', 'Cypress Automation 2']);",
                  "err": {},
                  "uuid": "bde47b39-3bab-4d7b-8c78-a6962399d69b",
                  "parentUUID": "cf2229a9-7746-40bb-bd13-630878eac175",
                  "isHook": false,
                  "skipped": false
                }
              ],
              "suites": [],
              "passes": [
                "8af2bccc-715e-4a20-86d5-163e07937856",
                "3683d6c1-f701-4c86-b8be-ec815c3fcc5a",
                "6ba147ae-5c39-42c6-9082-19e8781ba60d",
                "e8904150-3476-444b-a67e-93d46abefd41",
                "a4895954-3476-4017-840f-e3c559873a7b",
                "bde47b39-3bab-4d7b-8c78-a6962399d69b"
              ],
              "failures": [],
              "pending": [],
              "skipped": [],
              "duration": 40608,
              "root": false,
              "rootEmpty": false,
              "_timeout": 2000
            },
            {
              "uuid": "389db404-3393-4bc4-9aba-c5cb67b022e4",
              "title": "Job - Pay Grades",
              "fullFile": "",
              "file": "",
              "beforeHooks": [],
              "afterHooks": [],
              "tests": [
                {
                  "title": "Login",
                  "fullTitle": "OrangeHRM Full Test Job - Pay Grades Login",
                  "timedOut": null,
                  "duration": 28,
                  "state": "passed",
                  "speed": "fast",
                  "pass": true,
                  "fail": false,
                  "pending": false,
                  "context": null,
                  "code": "_Utility.default.login('Admin', 'admin123');",
                  "err": {},
                  "uuid": "322a6f43-01d3-4acd-842d-2b96da4b870b",
                  "parentUUID": "389db404-3393-4bc4-9aba-c5cb67b022e4",
                  "isHook": false,
                  "skipped": false
                },
                {
                  "title": "Access Pay Grades page",
                  "fullTitle": "OrangeHRM Full Test Job - Pay Grades Access Pay Grades page",
                  "timedOut": null,
                  "duration": 2326,
                  "state": "passed",
                  "speed": "fast",
                  "pass": true,
                  "fail": false,
                  "pending": false,
                  "context": null,
                  "code": "_Utility.default.goToAdmin();\n_AdminJob.default.goToPayGrades();",
                  "err": {},
                  "uuid": "fe1efd64-1f3f-48bd-b6d5-8e66809315fb",
                  "parentUUID": "389db404-3393-4bc4-9aba-c5cb67b022e4",
                  "isHook": false,
                  "skipped": false
                },
                {
                  "title": "Add a new Pay Grade",
                  "fullTitle": "OrangeHRM Full Test Job - Pay Grades Add a new Pay Grade",
                  "timedOut": null,
                  "duration": 7757,
                  "state": "passed",
                  "speed": "medium",
                  "pass": true,
                  "fail": false,
                  "pending": false,
                  "context": null,
                  "code": "_AdminJob.default.addPayGrade('Cypress Automation');",
                  "err": {},
                  "uuid": "1b63337d-2b3b-442f-8807-a0a5b0b067f9",
                  "parentUUID": "389db404-3393-4bc4-9aba-c5cb67b022e4",
                  "isHook": false,
                  "skipped": false
                },
                {
                  "title": "Edit Pay Grade",
                  "fullTitle": "OrangeHRM Full Test Job - Pay Grades Edit Pay Grade",
                  "timedOut": null,
                  "duration": 8808,
                  "state": "passed",
                  "speed": "medium",
                  "pass": true,
                  "fail": false,
                  "pending": false,
                  "context": null,
                  "code": "_AdminJob.default.editPayGrade('Cypress Automation', 'Senior Cypress Automation');",
                  "err": {},
                  "uuid": "e2d0a523-b1be-4329-b8d6-f99e8e022dfa",
                  "parentUUID": "389db404-3393-4bc4-9aba-c5cb67b022e4",
                  "isHook": false,
                  "skipped": false
                },
                {
                  "title": "Delete a Pay Grade",
                  "fullTitle": "OrangeHRM Full Test Job - Pay Grades Delete a Pay Grade",
                  "timedOut": null,
                  "duration": 195,
                  "state": "passed",
                  "speed": "fast",
                  "pass": true,
                  "fail": false,
                  "pending": false,
                  "context": null,
                  "code": "_Utility.default.deleteItem('Senior Cypress Automation');",
                  "err": {},
                  "uuid": "c44e2a6a-e987-4262-b239-3f5c26e286e3",
                  "parentUUID": "389db404-3393-4bc4-9aba-c5cb67b022e4",
                  "isHook": false,
                  "skipped": false
                }
              ],
              "suites": [],
              "passes": [
                "322a6f43-01d3-4acd-842d-2b96da4b870b",
                "fe1efd64-1f3f-48bd-b6d5-8e66809315fb",
                "1b63337d-2b3b-442f-8807-a0a5b0b067f9",
                "e2d0a523-b1be-4329-b8d6-f99e8e022dfa",
                "c44e2a6a-e987-4262-b239-3f5c26e286e3"
              ],
              "failures": [],
              "pending": [],
              "skipped": [],
              "duration": 19114,
              "root": false,
              "rootEmpty": false,
              "_timeout": 2000
            }
          ],
          "passes": [],
          "failures": [],
          "pending": [],
          "skipped": [],
          "duration": 0,
          "root": false,
          "rootEmpty": false,
          "_timeout": 2000
        }
      ],
      "passes": [],
      "failures": [],
      "pending": [],
      "skipped": [],
      "duration": 0,
      "root": true,
      "rootEmpty": true,
      "_timeout": 2000
    }
  ],
  "meta": {
    "mocha": {
      "version": "7.0.1"
    },
    "mochawesome": {
      "options": {
        "quiet": false,
        "reportFilename": "mochawesome",
        "saveHtml": true,
        "saveJson": true,
        "consoleReporter": "spec",
        "useInlineDiffs": false,
        "code": true
      },
      "version": "7.1.3"
    },
    "marge": {
      "options": {
        "reportDir": "cypress/reports/mochawesome-report",
        "overwrite": false,
        "html": true,
        "json": true
      },
      "version": "6.2.0"
    }
  }
}