{
  "stats": {
    "suites": 0,
    "tests": 1,
    "passes": 0,
    "pending": 0,
    "failures": 1,
    "start": "2025-02-24T08:17:14.935Z",
    "end": "2025-02-24T08:17:15.237Z",
    "duration": 302,
    "testsRegistered": 1,
    "passPercent": 0,
    "pendingPercent": 0,
    "other": 0,
    "hasOther": false,
    "skipped": 0,
    "hasSkipped": false
  },
  "results": [
    {
      "uuid": "96adfdd6-df8d-4819-b3a8-15c2e1589f9a",
      "title": "",
      "fullFile": "cypress\\ProjectTraining\\orangehrm\\admin\\Job.cy.js",
      "file": "cypress\\ProjectTraining\\orangehrm\\admin\\Job.cy.js",
      "beforeHooks": [],
      "afterHooks": [],
      "tests": [
        {
          "title": "An uncaught error was detected outside of a test",
          "fullTitle": "An uncaught error was detected outside of a test",
          "timedOut": null,
          "duration": 248,
          "state": "failed",
          "speed": null,
          "pass": false,
          "fail": true,
          "pending": false,
          "context": null,
          "code": "throw err;",
          "err": {
            "message": "TypeError: The following error originated from your test code, not from Cypress.\n\n  > _AdminJob.default is not a constructor\n\nWhen Cypress detects uncaught errors originating from your test code it will automatically fail the current test.\n\nCypress could not associate this error to any specific test.\n\nWe dynamically generated a new test to display this failure.",
            "estack": "TypeError: The following error originated from your test code, not from Cypress.\n\n  > _AdminJob.default is not a constructor\n\nWhen Cypress detects uncaught errors originating from your test code it will automatically fail the current test.\n\nCypress could not associate this error to any specific test.\n\nWe dynamically generated a new test to display this failure.\n    at Suite.eval (webpack://cypress/./cypress/ProjectTraining/orangehrm/admin/Job.cy.js:6:21)\n    at eval (webpack://cypress/./cypress/ProjectTraining/orangehrm/admin/Job.cy.js:5:0)\n    at eval (http://localhost:52042/__cypress/tests?p=cypress\\ProjectTraining\\orangehrm\\admin\\Job.cy.js:412:3)\n    at eval (http://localhost:52042/__cypress/tests?p=cypress\\ProjectTraining\\orangehrm\\admin\\Job.cy.js:414:12)\n    at eval (<anonymous>)",
            "diff": null
          },
          "uuid": "ab03e698-5d51-4d28-a39e-f7b7c49e7b14",
          "parentUUID": "96adfdd6-df8d-4819-b3a8-15c2e1589f9a",
          "isHook": false,
          "skipped": false
        }
      ],
      "suites": [],
      "passes": [],
      "failures": [
        "ab03e698-5d51-4d28-a39e-f7b7c49e7b14"
      ],
      "pending": [],
      "skipped": [],
      "duration": 248,
      "root": true,
      "rootEmpty": false,
      "_timeout": 2000
    }
  ],
  "meta": {
    "mocha": {
      "version": "7.0.1"
    },
    "mochawesome": {
      "options": {
        "quiet": false,
        "reportFilename": "mochawesome",
        "saveHtml": true,
        "saveJson": true,
        "consoleReporter": "spec",
        "useInlineDiffs": false,
        "code": true
      },
      "version": "7.1.3"
    },
    "marge": {
      "options": {
        "reportDir": "cypress/reports/mochawesome-report",
        "overwrite": false,
        "html": true,
        "json": true
      },
      "version": "6.2.0"
    }
  }
}