{
  "stats": {
    "suites": 1,
    "tests": 5,
    "passes": 2,
    "pending": 0,
    "failures": 3,
    "start": "2025-02-24T04:33:00.213Z",
    "end": "2025-02-24T04:33:33.768Z",
    "duration": 33555,
    "testsRegistered": 5,
    "passPercent": 40,
    "pendingPercent": 0,
    "other": 0,
    "hasOther": false,
    "skipped": 0,
    "hasSkipped": false
  },
  "results": [
    {
      "uuid": "2ca60b12-ca31-4141-a188-fa2ccfcd6d94",
      "title": "",
      "fullFile": "cypress\\testcases\\orangehrm\\admin\\Job.cy.js",
      "file": "cypress\\testcases\\orangehrm\\admin\\Job.cy.js",
      "beforeHooks": [],
      "afterHooks": [],
      "tests": [],
      "suites": [
        {
          "uuid": "8c9e2867-7928-44a1-96c3-2819b8c073b6",
          "title": "Admin - Job Titles",
          "fullFile": "",
          "file": "",
          "beforeHooks": [],
          "afterHooks": [],
          "tests": [
            {
              "title": "Login",
              "fullTitle": "Admin - Job Titles Login",
              "timedOut": null,
              "duration": 7353,
              "state": "passed",
              "speed": "medium",
              "pass": true,
              "fail": false,
              "pending": false,
              "context": null,
              "code": "_LoginPage.default.visit();\n_LoginPage.default.login('Admin', 'admin123');",
              "err": {},
              "uuid": "75c9110d-e81a-47d7-8c0f-eee991e5dcaa",
              "parentUUID": "8c9e2867-7928-44a1-96c3-2819b8c073b6",
              "isHook": false,
              "skipped": false
            },
            {
              "title": "Should access the Job Titles page",
              "fullTitle": "Admin - Job Titles Should access the Job Titles page",
              "timedOut": null,
              "duration": 5391,
              "state": "passed",
              "speed": "medium",
              "pass": true,
              "fail": false,
              "pending": false,
              "context": null,
              "code": "_AdminUserManagement.default.goToAdmin();\njobTitle.goToJobTitle();",
              "err": {},
              "uuid": "3c160c4d-cad8-4ad6-bda8-876d19a5a2e4",
              "parentUUID": "8c9e2867-7928-44a1-96c3-2819b8c073b6",
              "isHook": false,
              "skipped": false
            },
            {
              "title": "Should add a new Job Title",
              "fullTitle": "Admin - Job Titles Should add a new Job Title",
              "timedOut": null,
              "duration": 7780,
              "state": "failed",
              "speed": null,
              "pass": false,
              "fail": true,
              "pending": false,
              "context": null,
              "code": "jobTitle.addJobTitle('Cypress Automation', 'Automate all test', 'Love Automation');",
              "err": {
                "message": "AssertionError: Timed out retrying after 4000ms: Expected to find element: `.oxd-table-cell`, but never found it.",
                "estack": "AssertionError: Timed out retrying after 4000ms: Expected to find element: `.oxd-table-cell`, but never found it.\n    at JobTitle.addJobTitle (webpack://cypress/./cypress/testcases/orangehrm/pages/AdminJob.js:17:34)\n    at Context.eval (webpack://cypress/./cypress/testcases/orangehrm/admin/Job.cy.js:19:17)",
                "diff": null
              },
              "uuid": "f8d4aca8-ece7-4ec0-b08f-5fb06e6e7b85",
              "parentUUID": "8c9e2867-7928-44a1-96c3-2819b8c073b6",
              "isHook": false,
              "skipped": false
            },
            {
              "title": "Should edit an existing Job Title",
              "fullTitle": "Admin - Job Titles Should edit an existing Job Title",
              "timedOut": null,
              "duration": 4129,
              "state": "failed",
              "speed": null,
              "pass": false,
              "fail": true,
              "pending": false,
              "context": null,
              "code": "jobTitle.editJobTitle('Cypress Automation', 'Senior Cypress Automation');",
              "err": {
                "message": "AssertionError: Timed out retrying after 4000ms: Expected to find content: 'Cypress Automation' within the selector: '.oxd-table-cell' but never did.",
                "estack": "AssertionError: Timed out retrying after 4000ms: Expected to find content: 'Cypress Automation' within the selector: '.oxd-table-cell' but never did.\n    at JobTitle.editJobTitle (webpack://cypress/./cypress/testcases/orangehrm/pages/AdminJob.js:21:11)\n    at Context.eval (webpack://cypress/./cypress/testcases/orangehrm/admin/Job.cy.js:23:17)",
                "diff": null
              },
              "uuid": "5dc6ca17-b6b8-44fa-bfbf-cb61210845e7",
              "parentUUID": "8c9e2867-7928-44a1-96c3-2819b8c073b6",
              "isHook": false,
              "skipped": false
            },
            {
              "title": "Should delete a Job Title",
              "fullTitle": "Admin - Job Titles Should delete a Job Title",
              "timedOut": null,
              "duration": 5499,
              "state": "failed",
              "speed": null,
              "pass": false,
              "fail": true,
              "pending": false,
              "context": null,
              "code": "jobTitle.deleteJobTitle('Senior Cypress Automation');",
              "err": {
                "message": "AssertionError: Timed out retrying after 4000ms: Expected to find content: 'Senior Cypress Automation' within the selector: '.oxd-table-cell' but never did.",
                "estack": "AssertionError: Timed out retrying after 4000ms: Expected to find content: 'Senior Cypress Automation' within the selector: '.oxd-table-cell' but never did.\n    at JobTitle.deleteJobTitle (webpack://cypress/./cypress/testcases/orangehrm/pages/AdminJob.js:32:11)\n    at Context.eval (webpack://cypress/./cypress/testcases/orangehrm/admin/Job.cy.js:27:17)",
                "diff": null
              },
              "uuid": "4feee708-80c5-4890-aaab-9627be1fef97",
              "parentUUID": "8c9e2867-7928-44a1-96c3-2819b8c073b6",
              "isHook": false,
              "skipped": false
            }
          ],
          "suites": [],
          "passes": [
            "75c9110d-e81a-47d7-8c0f-eee991e5dcaa",
            "3c160c4d-cad8-4ad6-bda8-876d19a5a2e4"
          ],
          "failures": [
            "f8d4aca8-ece7-4ec0-b08f-5fb06e6e7b85",
            "5dc6ca17-b6b8-44fa-bfbf-cb61210845e7",
            "4feee708-80c5-4890-aaab-9627be1fef97"
          ],
          "pending": [],
          "skipped": [],
          "duration": 30152,
          "root": false,
          "rootEmpty": false,
          "_timeout": 2000
        }
      ],
      "passes": [],
      "failures": [],
      "pending": [],
      "skipped": [],
      "duration": 0,
      "root": true,
      "rootEmpty": true,
      "_timeout": 2000
    }
  ],
  "meta": {
    "mocha": {
      "version": "7.0.1"
    },
    "mochawesome": {
      "options": {
        "quiet": false,
        "reportFilename": "mochawesome",
        "saveHtml": true,
        "saveJson": true,
        "consoleReporter": "spec",
        "useInlineDiffs": false,
        "code": true
      },
      "version": "7.1.3"
    },
    "marge": {
      "options": {
        "reportDir": "cypress/reports/mochawesome-report",
        "overwrite": false,
        "html": true,
        "json": true
      },
      "version": "6.2.0"
    }
  }
}