{
  "stats": {
    "suites": 4,
    "tests": 18,
    "passes": 18,
    "pending": 0,
    "failures": 0,
    "start": "2025-02-24T14:07:55.960Z",
    "end": "2025-02-24T14:10:17.919Z",
    "duration": 141959,
    "testsRegistered": 18,
    "passPercent": 100,
    "pendingPercent": 0,
    "other": 0,
    "hasOther": false,
    "skipped": 0,
    "hasSkipped": false
  },
  "results": [
    {
      "uuid": "3c770fdc-57e0-4605-b5a6-8742da217f90",
      "title": "",
      "fullFile": "cypress\\ProjectTraining\\orangehrm\\FullTest.cy.js",
      "file": "cypress\\ProjectTraining\\orangehrm\\FullTest.cy.js",
      "beforeHooks": [],
      "afterHooks": [],
      "tests": [],
      "suites": [
        {
          "uuid": "213f1eee-5cf5-4aff-8ec5-8a273573a922",
          "title": "OrangeHRM Full Test",
          "fullFile": "",
          "file": "",
          "beforeHooks": [],
          "afterHooks": [],
          "tests": [
            {
              "title": "Logout",
              "fullTitle": "OrangeHRM Full Test Logout",
              "timedOut": null,
              "duration": 13869,
              "state": "passed",
              "speed": "slow",
              "pass": true,
              "fail": false,
              "pending": false,
              "context": null,
              "code": "_Utility.default.logout();\nCypress.env('isLoggedIn', false); // Reset state login",
              "err": {},
              "uuid": "6b1a6615-3453-4fcf-acd4-dcefeb75fdde",
              "parentUUID": "213f1eee-5cf5-4aff-8ec5-8a273573a922",
              "isHook": false,
              "skipped": false
            }
          ],
          "suites": [
            {
              "uuid": "fb0ade31-7e51-4141-839e-03e038efceff",
              "title": "Admin - User Management",
              "fullFile": "",
              "file": "",
              "beforeHooks": [],
              "afterHooks": [],
              "tests": [
                {
                  "title": "Login",
                  "fullTitle": "OrangeHRM Full Test Admin - User Management Login",
                  "timedOut": null,
                  "duration": 5418,
                  "state": "passed",
                  "speed": "medium",
                  "pass": true,
                  "fail": false,
                  "pending": false,
                  "context": null,
                  "code": "_Utility.default.login('Admin', 'admin123');",
                  "err": {},
                  "uuid": "05adb0e0-6dec-4194-b8d8-d492de316106",
                  "parentUUID": "fb0ade31-7e51-4141-839e-03e038efceff",
                  "isHook": false,
                  "skipped": false
                },
                {
                  "title": "Verify Top Bar Menu",
                  "fullTitle": "OrangeHRM Full Test Admin - User Management Verify Top Bar Menu",
                  "timedOut": null,
                  "duration": 4301,
                  "state": "passed",
                  "speed": "fast",
                  "pass": true,
                  "fail": false,
                  "pending": false,
                  "context": null,
                  "code": "_Utility.default.goToAdmin();\n_AdminUserManagement.default.verifyTopbarMenu();",
                  "err": {},
                  "uuid": "02e8eead-bd59-4602-911f-f551540a06af",
                  "parentUUID": "fb0ade31-7e51-4141-839e-03e038efceff",
                  "isHook": false,
                  "skipped": false
                },
                {
                  "title": "Add New Username",
                  "fullTitle": "OrangeHRM Full Test Admin - User Management Add New Username",
                  "timedOut": null,
                  "duration": 41995,
                  "state": "passed",
                  "speed": "slow",
                  "pass": true,
                  "fail": false,
                  "pending": false,
                  "context": null,
                  "code": "_AdminUserManagement.default.addUser(username, password, role, status);\n_AdminUserManagement.default.addUser('Pekok123', password, role, status);\n_AdminUserManagement.default.addUser('Pekok12345', password, role, status);",
                  "err": {},
                  "uuid": "32ea485c-de24-4126-baca-0400c6997708",
                  "parentUUID": "fb0ade31-7e51-4141-839e-03e038efceff",
                  "isHook": false,
                  "skipped": false
                },
                {
                  "title": "Edit Username",
                  "fullTitle": "OrangeHRM Full Test Admin - User Management Edit Username",
                  "timedOut": null,
                  "duration": 8807,
                  "state": "passed",
                  "speed": "medium",
                  "pass": true,
                  "fail": false,
                  "pending": false,
                  "context": null,
                  "code": "_AdminUserManagement.default.editUsername(username, 'DudTetsuyaBaru');",
                  "err": {},
                  "uuid": "f28a3a7c-8467-4823-b603-c1740d19bdf9",
                  "parentUUID": "fb0ade31-7e51-4141-839e-03e038efceff",
                  "isHook": false,
                  "skipped": false
                },
                {
                  "title": "Delete Username",
                  "fullTitle": "OrangeHRM Full Test Admin - User Management Delete Username",
                  "timedOut": null,
                  "duration": 202,
                  "state": "passed",
                  "speed": "fast",
                  "pass": true,
                  "fail": false,
                  "pending": false,
                  "context": null,
                  "code": "_Utility.default.deleteItem('DudTetsuyaBaru');",
                  "err": {},
                  "uuid": "c0f57953-ac1d-4718-ba6b-31cb784bf335",
                  "parentUUID": "fb0ade31-7e51-4141-839e-03e038efceff",
                  "isHook": false,
                  "skipped": false
                },
                {
                  "title": "Delete Multiple Usernames",
                  "fullTitle": "OrangeHRM Full Test Admin - User Management Delete Multiple Usernames",
                  "timedOut": null,
                  "duration": 415,
                  "state": "passed",
                  "speed": "fast",
                  "pass": true,
                  "fail": false,
                  "pending": false,
                  "context": null,
                  "code": "_Utility.default.deleteMultipleItems(['Pekok123', 'Pekok12345']);",
                  "err": {},
                  "uuid": "1bc8620f-59eb-4d09-921c-ea62fe747ba2",
                  "parentUUID": "fb0ade31-7e51-4141-839e-03e038efceff",
                  "isHook": false,
                  "skipped": false
                }
              ],
              "suites": [],
              "passes": [
                "05adb0e0-6dec-4194-b8d8-d492de316106",
                "02e8eead-bd59-4602-911f-f551540a06af",
                "32ea485c-de24-4126-baca-0400c6997708",
                "f28a3a7c-8467-4823-b603-c1740d19bdf9",
                "c0f57953-ac1d-4718-ba6b-31cb784bf335",
                "1bc8620f-59eb-4d09-921c-ea62fe747ba2"
              ],
              "failures": [],
              "pending": [],
              "skipped": [],
              "duration": 61138,
              "root": false,
              "rootEmpty": false,
              "_timeout": 2000
            },
            {
              "uuid": "686bc83b-af66-44fb-8c97-e9a6c9ba78d6",
              "title": "Job - Job Titles",
              "fullFile": "",
              "file": "",
              "beforeHooks": [],
              "afterHooks": [],
              "tests": [
                {
                  "title": "Login",
                  "fullTitle": "OrangeHRM Full Test Job - Job Titles Login",
                  "timedOut": null,
                  "duration": 8,
                  "state": "passed",
                  "speed": "fast",
                  "pass": true,
                  "fail": false,
                  "pending": false,
                  "context": null,
                  "code": "_Utility.default.login('Admin', 'admin123');",
                  "err": {},
                  "uuid": "e1e10a48-9061-4a9e-ae1a-192a958a0ced",
                  "parentUUID": "686bc83b-af66-44fb-8c97-e9a6c9ba78d6",
                  "isHook": false,
                  "skipped": false
                },
                {
                  "title": "Access Job Titles page",
                  "fullTitle": "OrangeHRM Full Test Job - Job Titles Access Job Titles page",
                  "timedOut": null,
                  "duration": 2380,
                  "state": "passed",
                  "speed": "fast",
                  "pass": true,
                  "fail": false,
                  "pending": false,
                  "context": null,
                  "code": "_Utility.default.goToAdmin();\njobTitle.goToJobTitle();",
                  "err": {},
                  "uuid": "8a213736-d5b8-489b-a38d-45cf20f2ef9b",
                  "parentUUID": "686bc83b-af66-44fb-8c97-e9a6c9ba78d6",
                  "isHook": false,
                  "skipped": false
                },
                {
                  "title": "Add a new Job Title",
                  "fullTitle": "OrangeHRM Full Test Job - Job Titles Add a new Job Title",
                  "timedOut": null,
                  "duration": 28240,
                  "state": "passed",
                  "speed": "slow",
                  "pass": true,
                  "fail": false,
                  "pending": false,
                  "context": null,
                  "code": "jobTitle.addJobTitle('Cypress Automation', 'Automate all test', 'Love Automation', true);\njobTitle.addJobTitle('Cypress Automation 1', false);\njobTitle.addJobTitle('Cypress Automation 2', false);",
                  "err": {},
                  "uuid": "7a0a8060-c6dc-40a4-abec-aa6aff100f4d",
                  "parentUUID": "686bc83b-af66-44fb-8c97-e9a6c9ba78d6",
                  "isHook": false,
                  "skipped": false
                },
                {
                  "title": "Edit an existing Job Title",
                  "fullTitle": "OrangeHRM Full Test Job - Job Titles Edit an existing Job Title",
                  "timedOut": null,
                  "duration": 7722,
                  "state": "passed",
                  "speed": "medium",
                  "pass": true,
                  "fail": false,
                  "pending": false,
                  "context": null,
                  "code": "jobTitle.editJobTitle('Cypress Automation', 'Senior Cypress Automation');",
                  "err": {},
                  "uuid": "7462c1c3-1705-475e-9ab7-f4f730173092",
                  "parentUUID": "686bc83b-af66-44fb-8c97-e9a6c9ba78d6",
                  "isHook": false,
                  "skipped": false
                },
                {
                  "title": "Delete a Job Title",
                  "fullTitle": "OrangeHRM Full Test Job - Job Titles Delete a Job Title",
                  "timedOut": null,
                  "duration": 205,
                  "state": "passed",
                  "speed": "fast",
                  "pass": true,
                  "fail": false,
                  "pending": false,
                  "context": null,
                  "code": "_Utility.default.deleteItem('Senior Cypress Automation');",
                  "err": {},
                  "uuid": "ac04c55f-c5db-497c-b02a-d661199beabb",
                  "parentUUID": "686bc83b-af66-44fb-8c97-e9a6c9ba78d6",
                  "isHook": false,
                  "skipped": false
                },
                {
                  "title": "Delete Multiple Usernames",
                  "fullTitle": "OrangeHRM Full Test Job - Job Titles Delete Multiple Usernames",
                  "timedOut": null,
                  "duration": 3749,
                  "state": "passed",
                  "speed": "fast",
                  "pass": true,
                  "fail": false,
                  "pending": false,
                  "context": null,
                  "code": "_Utility.default.deleteMultipleItems(['Cypress Automation 1', 'Cypress Automation 2']);",
                  "err": {},
                  "uuid": "6e6adddb-ebba-4e38-b31d-96a2077eee4e",
                  "parentUUID": "686bc83b-af66-44fb-8c97-e9a6c9ba78d6",
                  "isHook": false,
                  "skipped": false
                }
              ],
              "suites": [],
              "passes": [
                "e1e10a48-9061-4a9e-ae1a-192a958a0ced",
                "8a213736-d5b8-489b-a38d-45cf20f2ef9b",
                "7a0a8060-c6dc-40a4-abec-aa6aff100f4d",
                "7462c1c3-1705-475e-9ab7-f4f730173092",
                "ac04c55f-c5db-497c-b02a-d661199beabb",
                "6e6adddb-ebba-4e38-b31d-96a2077eee4e"
              ],
              "failures": [],
              "pending": [],
              "skipped": [],
              "duration": 42304,
              "root": false,
              "rootEmpty": false,
              "_timeout": 2000
            },
            {
              "uuid": "2d73d976-0d02-4357-939c-9623cac51813",
              "title": "Job - Pay Grades",
              "fullFile": "",
              "file": "",
              "beforeHooks": [],
              "afterHooks": [],
              "tests": [
                {
                  "title": "Login",
                  "fullTitle": "OrangeHRM Full Test Job - Pay Grades Login",
                  "timedOut": null,
                  "duration": 8,
                  "state": "passed",
                  "speed": "fast",
                  "pass": true,
                  "fail": false,
                  "pending": false,
                  "context": null,
                  "code": "_Utility.default.login('Admin', 'admin123');",
                  "err": {},
                  "uuid": "196483fe-ea80-46f2-9730-4d6db202f99e",
                  "parentUUID": "2d73d976-0d02-4357-939c-9623cac51813",
                  "isHook": false,
                  "skipped": false
                },
                {
                  "title": "Access Pay Grades page",
                  "fullTitle": "OrangeHRM Full Test Job - Pay Grades Access Pay Grades page",
                  "timedOut": null,
                  "duration": 2317,
                  "state": "passed",
                  "speed": "fast",
                  "pass": true,
                  "fail": false,
                  "pending": false,
                  "context": null,
                  "code": "_Utility.default.goToAdmin();\npayGrades.goToPayGrades();",
                  "err": {},
                  "uuid": "8f5190a3-177c-4726-8fd1-937bf6a260ee",
                  "parentUUID": "2d73d976-0d02-4357-939c-9623cac51813",
                  "isHook": false,
                  "skipped": false
                },
                {
                  "title": "Add a new Pay Grade",
                  "fullTitle": "OrangeHRM Full Test Job - Pay Grades Add a new Pay Grade",
                  "timedOut": null,
                  "duration": 7766,
                  "state": "passed",
                  "speed": "medium",
                  "pass": true,
                  "fail": false,
                  "pending": false,
                  "context": null,
                  "code": "payGrades.addPayGrade('Cypress Automation');",
                  "err": {},
                  "uuid": "18217125-05d8-4cf6-81de-16c0fc9695ef",
                  "parentUUID": "2d73d976-0d02-4357-939c-9623cac51813",
                  "isHook": false,
                  "skipped": false
                },
                {
                  "title": "Edit Pay Grade",
                  "fullTitle": "OrangeHRM Full Test Job - Pay Grades Edit Pay Grade",
                  "timedOut": null,
                  "duration": 9143,
                  "state": "passed",
                  "speed": "medium",
                  "pass": true,
                  "fail": false,
                  "pending": false,
                  "context": null,
                  "code": "payGrades.editPayGrade('Cypress Automation', 'Senior Cypress Automation');",
                  "err": {},
                  "uuid": "560423c2-ed6e-44ed-bfa5-eca8be2a83bf",
                  "parentUUID": "2d73d976-0d02-4357-939c-9623cac51813",
                  "isHook": false,
                  "skipped": false
                },
                {
                  "title": "Delete a Pay Grade",
                  "fullTitle": "OrangeHRM Full Test Job - Pay Grades Delete a Pay Grade",
                  "timedOut": null,
                  "duration": 197,
                  "state": "passed",
                  "speed": "fast",
                  "pass": true,
                  "fail": false,
                  "pending": false,
                  "context": null,
                  "code": "_Utility.default.deleteItem('Senior Cypress Automation');",
                  "err": {},
                  "uuid": "9f8670a2-46ae-4a41-9913-e8657931239b",
                  "parentUUID": "2d73d976-0d02-4357-939c-9623cac51813",
                  "isHook": false,
                  "skipped": false
                }
              ],
              "suites": [],
              "passes": [
                "196483fe-ea80-46f2-9730-4d6db202f99e",
                "8f5190a3-177c-4726-8fd1-937bf6a260ee",
                "18217125-05d8-4cf6-81de-16c0fc9695ef",
                "560423c2-ed6e-44ed-bfa5-eca8be2a83bf",
                "9f8670a2-46ae-4a41-9913-e8657931239b"
              ],
              "failures": [],
              "pending": [],
              "skipped": [],
              "duration": 19431,
              "root": false,
              "rootEmpty": false,
              "_timeout": 2000
            }
          ],
          "passes": [
            "6b1a6615-3453-4fcf-acd4-dcefeb75fdde"
          ],
          "failures": [],
          "pending": [],
          "skipped": [],
          "duration": 13869,
          "root": false,
          "rootEmpty": false,
          "_timeout": 2000
        }
      ],
      "passes": [],
      "failures": [],
      "pending": [],
      "skipped": [],
      "duration": 0,
      "root": true,
      "rootEmpty": true,
      "_timeout": 2000
    }
  ],
  "meta": {
    "mocha": {
      "version": "7.0.1"
    },
    "mochawesome": {
      "options": {
        "quiet": false,
        "reportFilename": "mochawesome",
        "saveHtml": true,
        "saveJson": true,
        "consoleReporter": "spec",
        "useInlineDiffs": false,
        "code": true
      },
      "version": "7.1.3"
    },
    "marge": {
      "options": {
        "reportDir": "cypress/reports/mochawesome-report",
        "overwrite": false,
        "html": true,
        "json": true
      },
      "version": "6.2.0"
    }
  }
}