{
  "stats": {
    "suites": 0,
    "tests": 1,
    "passes": 1,
    "pending": 0,
    "failures": 0,
    "start": "2025-02-24T07:07:32.133Z",
    "end": "2025-02-24T07:07:42.082Z",
    "duration": 9949,
    "testsRegistered": 1,
    "passPercent": 100,
    "pendingPercent": 0,
    "other": 0,
    "hasOther": false,
    "skipped": 0,
    "hasSkipped": false
  },
  "results": [
    {
      "uuid": "ea91c96b-3229-4380-93ff-538683bd70ce",
      "title": "",
      "fullFile": "cypress\\ProjectTraining\\orangehrm\\LoginTest.cy.js",
      "file": "cypress\\ProjectTraining\\orangehrm\\LoginTest.cy.js",
      "beforeHooks": [],
      "afterHooks": [],
      "tests": [
        {
          "title": "Login Test",
          "fullTitle": "Login Test",
          "timedOut": null,
          "duration": 6488,
          "state": "passed",
          "speed": "medium",
          "pass": true,
          "fail": false,
          "pending": false,
          "context": null,
          "code": "_LoginPage.default.visit();\n_LoginPage.default.login('Admin', 'admin123');",
          "err": {},
          "uuid": "59b1855e-abe5-4388-b6ed-eb303c7e748d",
          "parentUUID": "ea91c96b-3229-4380-93ff-538683bd70ce",
          "isHook": false,
          "skipped": false
        }
      ],
      "suites": [],
      "passes": [
        "59b1855e-abe5-4388-b6ed-eb303c7e748d"
      ],
      "failures": [],
      "pending": [],
      "skipped": [],
      "duration": 6488,
      "root": true,
      "rootEmpty": false,
      "_timeout": 2000
    }
  ],
  "meta": {
    "mocha": {
      "version": "7.0.1"
    },
    "mochawesome": {
      "options": {
        "quiet": false,
        "reportFilename": "mochawesome",
        "saveHtml": true,
        "saveJson": true,
        "consoleReporter": "spec",
        "useInlineDiffs": false,
        "code": true
      },
      "version": "7.1.3"
    },
    "marge": {
      "options": {
        "reportDir": "cypress/reports/mochawesome-report",
        "overwrite": false,
        "html": true,
        "json": true
      },
      "version": "6.2.0"
    }
  }
}