{
  "stats": {
    "suites": 1,
    "tests": 6,
    "passes": 5,
    "pending": 0,
    "failures": 1,
    "start": "2025-02-24T07:08:07.775Z",
    "end": "2025-02-24T07:09:07.519Z",
    "duration": 59744,
    "testsRegistered": 6,
    "passPercent": 83.33333333333334,
    "pendingPercent": 0,
    "other": 0,
    "hasOther": false,
    "skipped": 0,
    "hasSkipped": false
  },
  "results": [
    {
      "uuid": "84bfb54a-cffa-448f-881e-f91f2281991a",
      "title": "",
      "fullFile": "cypress\\ProjectTraining\\orangehrm\\admin\\Job.cy.js",
      "file": "cypress\\ProjectTraining\\orangehrm\\admin\\Job.cy.js",
      "beforeHooks": [],
      "afterHooks": [],
      "tests": [],
      "suites": [
        {
          "uuid": "ae21822f-ed02-4656-8f9c-258de1e8689a",
          "title": "Admin - Job - Job Titles",
          "fullFile": "",
          "file": "",
          "beforeHooks": [],
          "afterHooks": [],
          "tests": [
            {
              "title": "Login",
              "fullTitle": "Admin - Job - Job Titles Login",
              "timedOut": null,
              "duration": 5769,
              "state": "passed",
              "speed": "medium",
              "pass": true,
              "fail": false,
              "pending": false,
              "context": null,
              "code": "_LoginPage.default.visit();\n_LoginPage.default.login('Admin', 'admin123');",
              "err": {},
              "uuid": "43b30f09-e891-4137-aae7-96038005da42",
              "parentUUID": "ae21822f-ed02-4656-8f9c-258de1e8689a",
              "isHook": false,
              "skipped": false
            },
            {
              "title": "Access Job Titles page",
              "fullTitle": "Admin - Job - Job Titles Access Job Titles page",
              "timedOut": null,
              "duration": 4176,
              "state": "passed",
              "speed": "fast",
              "pass": true,
              "fail": false,
              "pending": false,
              "context": null,
              "code": "_AdminUserManagement.default.goToAdmin();\njobTitle.goToJobTitle();",
              "err": {},
              "uuid": "1e3028b7-4ebd-47d5-9c7a-fbb3a71675c9",
              "parentUUID": "ae21822f-ed02-4656-8f9c-258de1e8689a",
              "isHook": false,
              "skipped": false
            },
            {
              "title": "Add a new Job Title",
              "fullTitle": "Admin - Job - Job Titles Add a new Job Title",
              "timedOut": null,
              "duration": 31066,
              "state": "passed",
              "speed": "slow",
              "pass": true,
              "fail": false,
              "pending": false,
              "context": null,
              "code": "jobTitle.addJobTitle('Cypress Automation', 'Automate all test', 'Love Automation', true);\njobTitle.addJobTitle('Cypress Automation 1', false);\njobTitle.addJobTitle('Cypress Automation 2', false);",
              "err": {},
              "uuid": "92c2db75-10b9-49c7-9d35-c5ee13c4f4f0",
              "parentUUID": "ae21822f-ed02-4656-8f9c-258de1e8689a",
              "isHook": false,
              "skipped": false
            },
            {
              "title": "Edit an existing Job Title",
              "fullTitle": "Admin - Job - Job Titles Edit an existing Job Title",
              "timedOut": null,
              "duration": 8569,
              "state": "failed",
              "speed": null,
              "pass": false,
              "fail": true,
              "pending": false,
              "context": null,
              "code": "jobTitle.editJobTitle('Cypress Automation', 'Senior Cypress Automation');",
              "err": {
                "message": "AssertionError: Timed out retrying after 4000ms: Expected to find element: `.oxd-table-cell`, but never found it.",
                "estack": "AssertionError: Timed out retrying after 4000ms: Expected to find element: `.oxd-table-cell`, but never found it.\n    at JobTitle.editJobTitle (webpack://cypress/./cypress/ProjectTraining/orangehrm/pages/AdminJob.js:35:34)\n    at Context.eval (webpack://cypress/./cypress/ProjectTraining/orangehrm/admin/Job.cy.js:25:17)",
                "diff": null
              },
              "uuid": "cbb4dedc-9401-41aa-a350-f29b96c64572",
              "parentUUID": "ae21822f-ed02-4656-8f9c-258de1e8689a",
              "isHook": false,
              "skipped": false
            },
            {
              "title": "Delete a Job Title",
              "fullTitle": "Admin - Job - Job Titles Delete a Job Title",
              "timedOut": null,
              "duration": 3916,
              "state": "passed",
              "speed": "fast",
              "pass": true,
              "fail": false,
              "pending": false,
              "context": null,
              "code": "jobTitle.deleteJobTitle('Senior Cypress Automation');",
              "err": {},
              "uuid": "ce6a94b5-23b8-43c5-84f5-b880cf4a2859",
              "parentUUID": "ae21822f-ed02-4656-8f9c-258de1e8689a",
              "isHook": false,
              "skipped": false
            },
            {
              "title": "Delete Multiple Usernames",
              "fullTitle": "Admin - Job - Job Titles Delete Multiple Usernames",
              "timedOut": null,
              "duration": 3679,
              "state": "passed",
              "speed": "fast",
              "pass": true,
              "fail": false,
              "pending": false,
              "context": null,
              "code": "jobTitle.deleteMultipleJobTitles(['Cypress Automation 1', 'Cypress Automation 2']);",
              "err": {},
              "uuid": "93ce5ad8-3725-4532-b2d5-9463d5e07be8",
              "parentUUID": "ae21822f-ed02-4656-8f9c-258de1e8689a",
              "isHook": false,
              "skipped": false
            }
          ],
          "suites": [],
          "passes": [
            "43b30f09-e891-4137-aae7-96038005da42",
            "1e3028b7-4ebd-47d5-9c7a-fbb3a71675c9",
            "92c2db75-10b9-49c7-9d35-c5ee13c4f4f0",
            "ce6a94b5-23b8-43c5-84f5-b880cf4a2859",
            "93ce5ad8-3725-4532-b2d5-9463d5e07be8"
          ],
          "failures": [
            "cbb4dedc-9401-41aa-a350-f29b96c64572"
          ],
          "pending": [],
          "skipped": [],
          "duration": 57175,
          "root": false,
          "rootEmpty": false,
          "_timeout": 2000
        }
      ],
      "passes": [],
      "failures": [],
      "pending": [],
      "skipped": [],
      "duration": 0,
      "root": true,
      "rootEmpty": true,
      "_timeout": 2000
    }
  ],
  "meta": {
    "mocha": {
      "version": "7.0.1"
    },
    "mochawesome": {
      "options": {
        "quiet": false,
        "reportFilename": "mochawesome",
        "saveHtml": true,
        "saveJson": true,
        "consoleReporter": "spec",
        "useInlineDiffs": false,
        "code": true
      },
      "version": "7.1.3"
    },
    "marge": {
      "options": {
        "reportDir": "cypress/reports/mochawesome-report",
        "overwrite": false,
        "html": true,
        "json": true
      },
      "version": "6.2.0"
    }
  }
}