{
  "stats": {
    "suites": 1,
    "tests": 5,
    "passes": 2,
    "pending": 0,
    "failures": 3,
    "start": "2025-02-24T04:30:24.014Z",
    "end": "2025-02-24T04:30:55.972Z",
    "duration": 31958,
    "testsRegistered": 5,
    "passPercent": 40,
    "pendingPercent": 0,
    "other": 0,
    "hasOther": false,
    "skipped": 0,
    "hasSkipped": false
  },
  "results": [
    {
      "uuid": "7ef4daf4-fe84-4dd7-86df-cee4fc83bfb0",
      "title": "",
      "fullFile": "cypress\\testcases\\orangehrm\\admin\\Job.cy.js",
      "file": "cypress\\testcases\\orangehrm\\admin\\Job.cy.js",
      "beforeHooks": [],
      "afterHooks": [],
      "tests": [],
      "suites": [
        {
          "uuid": "d02543b3-9052-4f22-9e59-de1febe876a1",
          "title": "Admin - Job Titles",
          "fullFile": "",
          "file": "",
          "beforeHooks": [],
          "afterHooks": [],
          "tests": [
            {
              "title": "Login",
              "fullTitle": "Admin - Job Titles Login",
              "timedOut": null,
              "duration": 7032,
              "state": "passed",
              "speed": "medium",
              "pass": true,
              "fail": false,
              "pending": false,
              "context": null,
              "code": "_LoginPage.default.visit();\n_LoginPage.default.login('Admin', 'admin123');",
              "err": {},
              "uuid": "0b0919ee-6e57-4663-b965-b039617bca03",
              "parentUUID": "d02543b3-9052-4f22-9e59-de1febe876a1",
              "isHook": false,
              "skipped": false
            },
            {
              "title": "Should access the Job Titles page",
              "fullTitle": "Admin - Job Titles Should access the Job Titles page",
              "timedOut": null,
              "duration": 5245,
              "state": "passed",
              "speed": "medium",
              "pass": true,
              "fail": false,
              "pending": false,
              "context": null,
              "code": "_AdminUserManagement.default.goToAdmin();\njobTitle.goToJobTitle();",
              "err": {},
              "uuid": "6e5651fb-bfb6-4758-85da-eaa2b7ebd476",
              "parentUUID": "d02543b3-9052-4f22-9e59-de1febe876a1",
              "isHook": false,
              "skipped": false
            },
            {
              "title": "Should add a new Job Title",
              "fullTitle": "Admin - Job Titles Should add a new Job Title",
              "timedOut": null,
              "duration": 7706,
              "state": "failed",
              "speed": null,
              "pass": false,
              "fail": true,
              "pending": false,
              "context": null,
              "code": "jobTitle.addJobTitle('Cypress Automation', 'Automate all test', 'Love Automation');",
              "err": {
                "message": "AssertionError: Timed out retrying after 4000ms: expected '<input.oxd-file-input>' to have value 'C:\\\\fakepath\\\\job_description.pdf', but the value was 'C:\\\\fakepath\\\\SKUL band.pdf'",
                "estack": "AssertionError: Timed out retrying after 4000ms: expected '<input.oxd-file-input>' to have value 'C:\\\\fakepath\\\\job_description.pdf', but the value was 'C:\\\\fakepath\\\\SKUL band.pdf'\n    at JobTitle.addJobTitle (webpack://cypress/./cypress/testcases/orangehrm/pages/AdminJob.js:15:13)\n    at Context.eval (webpack://cypress/./cypress/testcases/orangehrm/admin/Job.cy.js:19:17)",
                "diff": "- 'C:\\\\fakepath\\\\SKUL band.pdf'\n+ 'C:\\\\fakepath\\\\job_description.pdf'\n"
              },
              "uuid": "a21b2096-0ff4-48bb-894f-601cbe85bcdb",
              "parentUUID": "d02543b3-9052-4f22-9e59-de1febe876a1",
              "isHook": false,
              "skipped": false
            },
            {
              "title": "Should edit an existing Job Title",
              "fullTitle": "Admin - Job Titles Should edit an existing Job Title",
              "timedOut": null,
              "duration": 4136,
              "state": "failed",
              "speed": null,
              "pass": false,
              "fail": true,
              "pending": false,
              "context": null,
              "code": "jobTitle.editJobTitle('Cypress Automation', 'Senior Cypress Automation');",
              "err": {
                "message": "AssertionError: Timed out retrying after 4000ms: Expected to find content: 'Cypress Automation' within the selector: '.oxd-table-cell' but never did.",
                "estack": "AssertionError: Timed out retrying after 4000ms: Expected to find content: 'Cypress Automation' within the selector: '.oxd-table-cell' but never did.\n    at JobTitle.editJobTitle (webpack://cypress/./cypress/testcases/orangehrm/pages/AdminJob.js:21:11)\n    at Context.eval (webpack://cypress/./cypress/testcases/orangehrm/admin/Job.cy.js:23:17)",
                "diff": null
              },
              "uuid": "80b753fa-3236-4a34-83df-33bfd50b82dd",
              "parentUUID": "d02543b3-9052-4f22-9e59-de1febe876a1",
              "isHook": false,
              "skipped": false
            },
            {
              "title": "Should delete a Job Title",
              "fullTitle": "Admin - Job Titles Should delete a Job Title",
              "timedOut": null,
              "duration": 4143,
              "state": "failed",
              "speed": null,
              "pass": false,
              "fail": true,
              "pending": false,
              "context": null,
              "code": "jobTitle.deleteJobTitle('Senior Cypress Automation');",
              "err": {
                "message": "AssertionError: Timed out retrying after 4000ms: Expected to find content: 'Senior Cypress Automation' within the selector: '.oxd-table-cell' but never did.",
                "estack": "AssertionError: Timed out retrying after 4000ms: Expected to find content: 'Senior Cypress Automation' within the selector: '.oxd-table-cell' but never did.\n    at JobTitle.deleteJobTitle (webpack://cypress/./cypress/testcases/orangehrm/pages/AdminJob.js:32:11)\n    at Context.eval (webpack://cypress/./cypress/testcases/orangehrm/admin/Job.cy.js:27:17)",
                "diff": null
              },
              "uuid": "a62b6e02-8927-40c7-996e-1506ecadf894",
              "parentUUID": "d02543b3-9052-4f22-9e59-de1febe876a1",
              "isHook": false,
              "skipped": false
            }
          ],
          "suites": [],
          "passes": [
            "0b0919ee-6e57-4663-b965-b039617bca03",
            "6e5651fb-bfb6-4758-85da-eaa2b7ebd476"
          ],
          "failures": [
            "a21b2096-0ff4-48bb-894f-601cbe85bcdb",
            "80b753fa-3236-4a34-83df-33bfd50b82dd",
            "a62b6e02-8927-40c7-996e-1506ecadf894"
          ],
          "pending": [],
          "skipped": [],
          "duration": 28262,
          "root": false,
          "rootEmpty": false,
          "_timeout": 2000
        }
      ],
      "passes": [],
      "failures": [],
      "pending": [],
      "skipped": [],
      "duration": 0,
      "root": true,
      "rootEmpty": true,
      "_timeout": 2000
    }
  ],
  "meta": {
    "mocha": {
      "version": "7.0.1"
    },
    "mochawesome": {
      "options": {
        "quiet": false,
        "reportFilename": "mochawesome",
        "saveHtml": true,
        "saveJson": true,
        "consoleReporter": "spec",
        "useInlineDiffs": false,
        "code": true
      },
      "version": "7.1.3"
    },
    "marge": {
      "options": {
        "reportDir": "cypress/reports/mochawesome-report",
        "overwrite": false,
        "html": true,
        "json": true
      },
      "version": "6.2.0"
    }
  }
}