{
  "stats": {
    "suites": 0,
    "tests": 1,
    "passes": 1,
    "pending": 0,
    "failures": 0,
    "start": "2025-02-24T07:07:56.474Z",
    "end": "2025-02-24T07:07:59.580Z",
    "duration": 3106,
    "testsRegistered": 1,
    "passPercent": 100,
    "pendingPercent": 0,
    "other": 0,
    "hasOther": false,
    "skipped": 0,
    "hasSkipped": false
  },
  "results": [
    {
      "uuid": "724f7512-edee-4296-b35d-ef0de66cbca3",
      "title": "",
      "fullFile": "cypress\\ProjectTraining\\saucedemo\\LoginTest.cy.js",
      "file": "cypress\\ProjectTraining\\saucedemo\\LoginTest.cy.js",
      "beforeHooks": [],
      "afterHooks": [],
      "tests": [
        {
          "title": "Login Test",
          "fullTitle": "Login Test",
          "timedOut": null,
          "duration": 1713,
          "state": "passed",
          "speed": "fast",
          "pass": true,
          "fail": false,
          "pending": false,
          "context": null,
          "code": "_LoginPage.default.visit();\n_LoginPage.default.login('standard_user', 'secret_sauce');",
          "err": {},
          "uuid": "463eaf9d-7a48-4640-a010-99ca3146bfaa",
          "parentUUID": "724f7512-edee-4296-b35d-ef0de66cbca3",
          "isHook": false,
          "skipped": false
        }
      ],
      "suites": [],
      "passes": [
        "463eaf9d-7a48-4640-a010-99ca3146bfaa"
      ],
      "failures": [],
      "pending": [],
      "skipped": [],
      "duration": 1713,
      "root": true,
      "rootEmpty": false,
      "_timeout": 2000
    }
  ],
  "meta": {
    "mocha": {
      "version": "7.0.1"
    },
    "mochawesome": {
      "options": {
        "quiet": false,
        "reportFilename": "mochawesome",
        "saveHtml": true,
        "saveJson": true,
        "consoleReporter": "spec",
        "useInlineDiffs": false,
        "code": true
      },
      "version": "7.1.3"
    },
    "marge": {
      "options": {
        "reportDir": "cypress/reports/mochawesome-report",
        "overwrite": false,
        "html": true,
        "json": true
      },
      "version": "6.2.0"
    }
  }
}