{
  "stats": {
    "suites": 4,
    "tests": 14,
    "passes": 14,
    "pending": 0,
    "failures": 0,
    "start": "2025-02-24T07:19:16.782Z",
    "end": "2025-02-24T07:19:28.452Z",
    "duration": 11670,
    "testsRegistered": 14,
    "passPercent": 100,
    "pendingPercent": 0,
    "other": 0,
    "hasOther": false,
    "skipped": 0,
    "hasSkipped": false
  },
  "results": [
    {
      "uuid": "158a3b6d-72cc-48ca-a96b-0eba3d021ca7",
      "title": "",
      "fullFile": "cypress\\ProjectTraining\\saucedemo\\FullTest.cy.js",
      "file": "cypress\\ProjectTraining\\saucedemo\\FullTest.cy.js",
      "beforeHooks": [],
      "afterHooks": [],
      "tests": [],
      "suites": [
        {
          "uuid": "9cfd9689-9a6c-4c79-8845-b57f4978565e",
          "title": "Saucedemo Full Test",
          "fullFile": "",
          "file": "",
          "beforeHooks": [],
          "afterHooks": [],
          "tests": [
            {
              "title": "Login Test",
              "fullTitle": "Saucedemo Full Test Login Test",
              "timedOut": null,
              "duration": 2431,
              "state": "passed",
              "speed": "fast",
              "pass": true,
              "fail": false,
              "pending": false,
              "context": null,
              "code": "_LoginPage.default.visit();\n_LoginPage.default.login('standard_user', 'secret_sauce');",
              "err": {},
              "uuid": "b10e1b24-2c83-40e0-9115-bc2f45bfc51d",
              "parentUUID": "9cfd9689-9a6c-4c79-8845-b57f4978565e",
              "isHook": false,
              "skipped": false
            }
          ],
          "suites": [
            {
              "uuid": "bf6716bd-4a42-4d95-bab6-3ad74587b5e8",
              "title": "Select Items",
              "fullFile": "",
              "file": "",
              "beforeHooks": [],
              "afterHooks": [],
              "tests": [
                {
                  "title": "2 items",
                  "fullTitle": "Saucedemo Full Test Select Items 2 items",
                  "timedOut": null,
                  "duration": 1581,
                  "state": "passed",
                  "speed": "fast",
                  "pass": true,
                  "fail": false,
                  "pending": false,
                  "context": null,
                  "code": "_LoginPage.default.visit();\n_LoginPage.default.login('standard_user', 'secret_sauce');\n_ProductsPage.default.selectItems(2);\n_ProductsPage.default.checkCartItemCount(2);",
                  "err": {},
                  "uuid": "67459444-ffee-44dd-8a40-cec87c657f19",
                  "parentUUID": "bf6716bd-4a42-4d95-bab6-3ad74587b5e8",
                  "isHook": false,
                  "skipped": false
                },
                {
                  "title": "3 items",
                  "fullTitle": "Saucedemo Full Test Select Items 3 items",
                  "timedOut": null,
                  "duration": 702,
                  "state": "passed",
                  "speed": "fast",
                  "pass": true,
                  "fail": false,
                  "pending": false,
                  "context": null,
                  "code": "_ProductsPage.default.selectItems(3);\n_ProductsPage.default.checkCartItemCount(3);",
                  "err": {},
                  "uuid": "bdd1e173-3ee5-46d4-b45b-2f26bd7a3d7c",
                  "parentUUID": "bf6716bd-4a42-4d95-bab6-3ad74587b5e8",
                  "isHook": false,
                  "skipped": false
                },
                {
                  "title": "4 items",
                  "fullTitle": "Saucedemo Full Test Select Items 4 items",
                  "timedOut": null,
                  "duration": 868,
                  "state": "passed",
                  "speed": "fast",
                  "pass": true,
                  "fail": false,
                  "pending": false,
                  "context": null,
                  "code": "_ProductsPage.default.selectItems(4);\n_ProductsPage.default.checkCartItemCount(4);",
                  "err": {},
                  "uuid": "fb204dbf-bb33-4fa8-93f9-2630d39346e9",
                  "parentUUID": "bf6716bd-4a42-4d95-bab6-3ad74587b5e8",
                  "isHook": false,
                  "skipped": false
                }
              ],
              "suites": [],
              "passes": [
                "67459444-ffee-44dd-8a40-cec87c657f19",
                "bdd1e173-3ee5-46d4-b45b-2f26bd7a3d7c",
                "fb204dbf-bb33-4fa8-93f9-2630d39346e9"
              ],
              "failures": [],
              "pending": [],
              "skipped": [],
              "duration": 3151,
              "root": false,
              "rootEmpty": false,
              "_timeout": 2000
            },
            {
              "uuid": "c8637ac9-302a-4f7b-80c3-ceeeb0196d91",
              "title": "Sorting Items",
              "fullFile": "",
              "file": "",
              "beforeHooks": [],
              "afterHooks": [],
              "tests": [
                {
                  "title": "Login",
                  "fullTitle": "Saucedemo Full Test Sorting Items Login",
                  "timedOut": null,
                  "duration": 820,
                  "state": "passed",
                  "speed": "fast",
                  "pass": true,
                  "fail": false,
                  "pending": false,
                  "context": null,
                  "code": "_LoginPage.default.visit();\n_LoginPage.default.login('standard_user', 'secret_sauce');",
                  "err": {},
                  "uuid": "b3fd6b6e-c52d-47cc-9f57-c441931aed29",
                  "parentUUID": "c8637ac9-302a-4f7b-80c3-ceeeb0196d91",
                  "isHook": false,
                  "skipped": false
                },
                {
                  "title": "Price (Low to High)",
                  "fullTitle": "Saucedemo Full Test Sorting Items Price (Low to High)",
                  "timedOut": null,
                  "duration": 175,
                  "state": "passed",
                  "speed": "fast",
                  "pass": true,
                  "fail": false,
                  "pending": false,
                  "context": null,
                  "code": "_ProductsPage.default.sortingPriceLowToHigh();",
                  "err": {},
                  "uuid": "d7273950-9733-42c3-9bf4-4b4bf15febdf",
                  "parentUUID": "c8637ac9-302a-4f7b-80c3-ceeeb0196d91",
                  "isHook": false,
                  "skipped": false
                },
                {
                  "title": "Price (High to Low)",
                  "fullTitle": "Saucedemo Full Test Sorting Items Price (High to Low)",
                  "timedOut": null,
                  "duration": 166,
                  "state": "passed",
                  "speed": "fast",
                  "pass": true,
                  "fail": false,
                  "pending": false,
                  "context": null,
                  "code": "_ProductsPage.default.sortingPriceHighToLow();",
                  "err": {},
                  "uuid": "edf50906-dc07-4a04-b71c-1041706dc83f",
                  "parentUUID": "c8637ac9-302a-4f7b-80c3-ceeeb0196d91",
                  "isHook": false,
                  "skipped": false
                },
                {
                  "title": "Name (A to Z))",
                  "fullTitle": "Saucedemo Full Test Sorting Items Name (A to Z))",
                  "timedOut": null,
                  "duration": 154,
                  "state": "passed",
                  "speed": "fast",
                  "pass": true,
                  "fail": false,
                  "pending": false,
                  "context": null,
                  "code": "_ProductsPage.default.sortingNameAtoZ();",
                  "err": {},
                  "uuid": "00acaf4a-d5b9-4ba0-8ba1-1d148fcfcb4d",
                  "parentUUID": "c8637ac9-302a-4f7b-80c3-ceeeb0196d91",
                  "isHook": false,
                  "skipped": false
                },
                {
                  "title": "Price (Low to High)",
                  "fullTitle": "Saucedemo Full Test Sorting Items Price (Low to High)",
                  "timedOut": null,
                  "duration": 160,
                  "state": "passed",
                  "speed": "fast",
                  "pass": true,
                  "fail": false,
                  "pending": false,
                  "context": null,
                  "code": "_ProductsPage.default.sortingNameZtoA();",
                  "err": {},
                  "uuid": "04bfb0e7-90d1-4bbd-b816-fe81e73f4c82",
                  "parentUUID": "c8637ac9-302a-4f7b-80c3-ceeeb0196d91",
                  "isHook": false,
                  "skipped": false
                }
              ],
              "suites": [],
              "passes": [
                "b3fd6b6e-c52d-47cc-9f57-c441931aed29",
                "d7273950-9733-42c3-9bf4-4b4bf15febdf",
                "edf50906-dc07-4a04-b71c-1041706dc83f",
                "00acaf4a-d5b9-4ba0-8ba1-1d148fcfcb4d",
                "04bfb0e7-90d1-4bbd-b816-fe81e73f4c82"
              ],
              "failures": [],
              "pending": [],
              "skipped": [],
              "duration": 1475,
              "root": false,
              "rootEmpty": false,
              "_timeout": 2000
            },
            {
              "uuid": "5602404b-a6d8-498f-95f9-5385ab2aa093",
              "title": "SauceDemo",
              "fullFile": "",
              "file": "",
              "beforeHooks": [],
              "afterHooks": [],
              "tests": [
                {
                  "title": "Login",
                  "fullTitle": "Saucedemo Full Test SauceDemo Login",
                  "timedOut": null,
                  "duration": 807,
                  "state": "passed",
                  "speed": "fast",
                  "pass": true,
                  "fail": false,
                  "pending": false,
                  "context": null,
                  "code": "_LoginPage.default.visit();\n_LoginPage.default.login('standard_user', 'secret_sauce');",
                  "err": {},
                  "uuid": "6bed8b11-98b3-4231-8b7f-4c99ad248d8b",
                  "parentUUID": "5602404b-a6d8-498f-95f9-5385ab2aa093",
                  "isHook": false,
                  "skipped": false
                },
                {
                  "title": "Select Random Items",
                  "fullTitle": "Saucedemo Full Test SauceDemo Select Random Items",
                  "timedOut": null,
                  "duration": 182,
                  "state": "passed",
                  "speed": "fast",
                  "pass": true,
                  "fail": false,
                  "pending": false,
                  "context": null,
                  "code": "const numItems = Cypress._.random(2, 4);\ncy.log(`Randomly selected ${numItems} items`);\n_ProductsPage.default.selectItems(numItems);",
                  "err": {},
                  "uuid": "8a687d01-316e-4d08-af26-86d597cdd9cf",
                  "parentUUID": "5602404b-a6d8-498f-95f9-5385ab2aa093",
                  "isHook": false,
                  "skipped": false
                },
                {
                  "title": "Remove an item",
                  "fullTitle": "Saucedemo Full Test SauceDemo Remove an item",
                  "timedOut": null,
                  "duration": 178,
                  "state": "passed",
                  "speed": "fast",
                  "pass": true,
                  "fail": false,
                  "pending": false,
                  "context": null,
                  "code": "_ProductsPage.default.goToCart();\n_CartPage.default.removeItem();",
                  "err": {},
                  "uuid": "6982240c-2ebd-4718-8545-279d4bc004f9",
                  "parentUUID": "5602404b-a6d8-498f-95f9-5385ab2aa093",
                  "isHook": false,
                  "skipped": false
                },
                {
                  "title": "Checkout and fill the form",
                  "fullTitle": "Saucedemo Full Test SauceDemo Checkout and fill the form",
                  "timedOut": null,
                  "duration": 779,
                  "state": "passed",
                  "speed": "fast",
                  "pass": true,
                  "fail": false,
                  "pending": false,
                  "context": null,
                  "code": "_CartPage.default.proceedToCheckout();\n_CheckoutPage.default.fillCheckoutForm('John', 'Doe', '12345');",
                  "err": {},
                  "uuid": "b509b8c2-bc60-4ed2-a58b-051ff3b11e53",
                  "parentUUID": "5602404b-a6d8-498f-95f9-5385ab2aa093",
                  "isHook": false,
                  "skipped": false
                },
                {
                  "title": "Complete the checkout",
                  "fullTitle": "Saucedemo Full Test SauceDemo Complete the checkout",
                  "timedOut": null,
                  "duration": 90,
                  "state": "passed",
                  "speed": "fast",
                  "pass": true,
                  "fail": false,
                  "pending": false,
                  "context": null,
                  "code": "_CheckoutPage.default.completeCheckout();\ncy.url().should('include', 'checkout-complete');",
                  "err": {},
                  "uuid": "16947382-633f-490c-9c9b-fc08af1fdee6",
                  "parentUUID": "5602404b-a6d8-498f-95f9-5385ab2aa093",
                  "isHook": false,
                  "skipped": false
                }
              ],
              "suites": [],
              "passes": [
                "6bed8b11-98b3-4231-8b7f-4c99ad248d8b",
                "8a687d01-316e-4d08-af26-86d597cdd9cf",
                "6982240c-2ebd-4718-8545-279d4bc004f9",
                "b509b8c2-bc60-4ed2-a58b-051ff3b11e53",
                "16947382-633f-490c-9c9b-fc08af1fdee6"
              ],
              "failures": [],
              "pending": [],
              "skipped": [],
              "duration": 2036,
              "root": false,
              "rootEmpty": false,
              "_timeout": 2000
            }
          ],
          "passes": [
            "b10e1b24-2c83-40e0-9115-bc2f45bfc51d"
          ],
          "failures": [],
          "pending": [],
          "skipped": [],
          "duration": 2431,
          "root": false,
          "rootEmpty": false,
          "_timeout": 2000
        }
      ],
      "passes": [],
      "failures": [],
      "pending": [],
      "skipped": [],
      "duration": 0,
      "root": true,
      "rootEmpty": true,
      "_timeout": 2000
    }
  ],
  "meta": {
    "mocha": {
      "version": "7.0.1"
    },
    "mochawesome": {
      "options": {
        "quiet": false,
        "reportFilename": "mochawesome",
        "saveHtml": true,
        "saveJson": true,
        "consoleReporter": "spec",
        "useInlineDiffs": false,
        "code": true
      },
      "version": "7.1.3"
    },
    "marge": {
      "options": {
        "reportDir": "cypress/reports/mochawesome-report",
        "overwrite": false,
        "html": true,
        "json": true
      },
      "version": "6.2.0"
    }
  }
}