{
  "stats": {
    "suites": 1,
    "tests": 6,
    "passes": 6,
    "pending": 0,
    "failures": 0,
    "start": "2025-02-23T15:58:45.742Z",
    "end": "2025-02-23T15:59:51.068Z",
    "duration": 65326,
    "testsRegistered": 6,
    "passPercent": 100,
    "pendingPercent": 0,
    "other": 0,
    "hasOther": false,
    "skipped": 0,
    "hasSkipped": false
  },
  "results": [
    {
      "uuid": "7f7e3508-6e04-40ee-a2a6-74808a6eaf47",
      "title": "",
      "fullFile": "cypress\\testcases\\orangehrm\\AdminTest.cy.js",
      "file": "cypress\\testcases\\orangehrm\\AdminTest.cy.js",
      "beforeHooks": [],
      "afterHooks": [],
      "tests": [],
      "suites": [
        {
          "uuid": "8451f0bc-8398-4a67-9bec-b05ec8f6eaf8",
          "title": "Admin Page Full Test",
          "fullFile": "",
          "file": "",
          "beforeHooks": [],
          "afterHooks": [],
          "tests": [
            {
              "title": "Login",
              "fullTitle": "Admin Page Full Test Login",
              "timedOut": null,
              "duration": 6477,
              "state": "passed",
              "speed": "medium",
              "pass": true,
              "fail": false,
              "pending": false,
              "context": null,
              "code": "_LoginPage.default.visit();\n_LoginPage.default.login('Admin', 'admin123');",
              "err": {},
              "uuid": "2c60d6e4-219b-4d13-abb5-d9d6e21ad16f",
              "parentUUID": "8451f0bc-8398-4a67-9bec-b05ec8f6eaf8",
              "isHook": false,
              "skipped": false
            },
            {
              "title": "Verify Top Bar Menu",
              "fullTitle": "Admin Page Full Test Verify Top Bar Menu",
              "timedOut": null,
              "duration": 4624,
              "state": "passed",
              "speed": "fast",
              "pass": true,
              "fail": false,
              "pending": false,
              "context": null,
              "code": "_AdminPage.default.goToAdmin();\n_AdminPage.default.verifyTopbarMenu();",
              "err": {},
              "uuid": "e80bb2d4-afed-41b9-b6a4-1f882588c037",
              "parentUUID": "8451f0bc-8398-4a67-9bec-b05ec8f6eaf8",
              "isHook": false,
              "skipped": false
            },
            {
              "title": "User Management - Add New Username",
              "fullTitle": "Admin Page Full Test User Management - Add New Username",
              "timedOut": null,
              "duration": 36155,
              "state": "passed",
              "speed": "slow",
              "pass": true,
              "fail": false,
              "pending": false,
              "context": null,
              "code": "_AdminPage.default.addUser(username, password, role, status);\n_AdminPage.default.addUser('Pekok123', password, role, status);\n_AdminPage.default.addUser('Pekok12345', password, role, status);\n_AdminPage.default.searchUser(username);",
              "err": {},
              "uuid": "b6119717-d644-423a-91fe-a267871f830e",
              "parentUUID": "8451f0bc-8398-4a67-9bec-b05ec8f6eaf8",
              "isHook": false,
              "skipped": false
            },
            {
              "title": "User Management - Edit Username",
              "fullTitle": "Admin Page Full Test User Management - Edit Username",
              "timedOut": null,
              "duration": 10066,
              "state": "passed",
              "speed": "slow",
              "pass": true,
              "fail": false,
              "pending": false,
              "context": null,
              "code": "_AdminPage.default.editUsername(username, 'DudTetsuyaBaru');\n_AdminPage.default.searchUser('DudTetsuyaBaru');",
              "err": {},
              "uuid": "923e44f8-bf75-4ddc-bf30-3fb195bd00a0",
              "parentUUID": "8451f0bc-8398-4a67-9bec-b05ec8f6eaf8",
              "isHook": false,
              "skipped": false
            },
            {
              "title": "User Management - Delete Username",
              "fullTitle": "Admin Page Full Test User Management - Delete Username",
              "timedOut": null,
              "duration": 194,
              "state": "passed",
              "speed": "fast",
              "pass": true,
              "fail": false,
              "pending": false,
              "context": null,
              "code": "_AdminPage.default.deleteUsername('DudTetsuyaBaru');",
              "err": {},
              "uuid": "175a9acc-62c1-48f3-a1b6-7e5c11d3e042",
              "parentUUID": "8451f0bc-8398-4a67-9bec-b05ec8f6eaf8",
              "isHook": false,
              "skipped": false
            },
            {
              "title": "User Management - Delete Multiple Usernames",
              "fullTitle": "Admin Page Full Test User Management - Delete Multiple Usernames",
              "timedOut": null,
              "duration": 3745,
              "state": "passed",
              "speed": "fast",
              "pass": true,
              "fail": false,
              "pending": false,
              "context": null,
              "code": "_AdminPage.default.deleteMultipleUsers(['Pekok123', 'Pekok12345']);",
              "err": {},
              "uuid": "7f415895-96d4-4284-aa0b-d7cc35fccef9",
              "parentUUID": "8451f0bc-8398-4a67-9bec-b05ec8f6eaf8",
              "isHook": false,
              "skipped": false
            }
          ],
          "suites": [],
          "passes": [
            "2c60d6e4-219b-4d13-abb5-d9d6e21ad16f",
            "e80bb2d4-afed-41b9-b6a4-1f882588c037",
            "b6119717-d644-423a-91fe-a267871f830e",
            "923e44f8-bf75-4ddc-bf30-3fb195bd00a0",
            "175a9acc-62c1-48f3-a1b6-7e5c11d3e042",
            "7f415895-96d4-4284-aa0b-d7cc35fccef9"
          ],
          "failures": [],
          "pending": [],
          "skipped": [],
          "duration": 61261,
          "root": false,
          "rootEmpty": false,
          "_timeout": 2000
        }
      ],
      "passes": [],
      "failures": [],
      "pending": [],
      "skipped": [],
      "duration": 0,
      "root": true,
      "rootEmpty": true,
      "_timeout": 2000
    }
  ],
  "meta": {
    "mocha": {
      "version": "7.0.1"
    },
    "mochawesome": {
      "options": {
        "quiet": false,
        "reportFilename": "mochawesome",
        "saveHtml": true,
        "saveJson": true,
        "consoleReporter": "spec",
        "useInlineDiffs": false,
        "code": true
      },
      "version": "7.1.3"
    },
    "marge": {
      "options": {
        "reportDir": "cypress/reports/mochawesome-report",
        "overwrite": false,
        "html": true,
        "json": true
      },
      "version": "6.2.0"
    }
  }
}