{
  "stats": {
    "suites": 1,
    "tests": 6,
    "passes": 6,
    "pending": 0,
    "failures": 0,
    "start": "2025-02-24T07:21:44.887Z",
    "end": "2025-02-24T07:22:42.350Z",
    "duration": 57463,
    "testsRegistered": 6,
    "passPercent": 100,
    "pendingPercent": 0,
    "other": 0,
    "hasOther": false,
    "skipped": 0,
    "hasSkipped": false
  },
  "results": [
    {
      "uuid": "eb7f4a4c-4931-4331-b5ca-a021776402e1",
      "title": "",
      "fullFile": "cypress\\ProjectTraining\\orangehrm\\admin\\Job.cy.js",
      "file": "cypress\\ProjectTraining\\orangehrm\\admin\\Job.cy.js",
      "beforeHooks": [],
      "afterHooks": [],
      "tests": [],
      "suites": [
        {
          "uuid": "58afde4b-0feb-4dc8-8454-5ca90ff9eef3",
          "title": "Admin - Job - Job Titles",
          "fullFile": "",
          "file": "",
          "beforeHooks": [],
          "afterHooks": [],
          "tests": [
            {
              "title": "Login",
              "fullTitle": "Admin - Job - Job Titles Login",
              "timedOut": null,
              "duration": 7069,
              "state": "passed",
              "speed": "medium",
              "pass": true,
              "fail": false,
              "pending": false,
              "context": null,
              "code": "_LoginPage.default.visit();\n_LoginPage.default.login('Admin', 'admin123');",
              "err": {},
              "uuid": "bb73245e-881d-405a-bb73-74659d0ef623",
              "parentUUID": "58afde4b-0feb-4dc8-8454-5ca90ff9eef3",
              "isHook": false,
              "skipped": false
            },
            {
              "title": "Access Job Titles page",
              "fullTitle": "Admin - Job - Job Titles Access Job Titles page",
              "timedOut": null,
              "duration": 5540,
              "state": "passed",
              "speed": "medium",
              "pass": true,
              "fail": false,
              "pending": false,
              "context": null,
              "code": "_AdminUserManagement.default.goToAdmin();\njobTitle.goToJobTitle();",
              "err": {},
              "uuid": "76956360-b9e8-4984-90f6-49fb20a0c48e",
              "parentUUID": "58afde4b-0feb-4dc8-8454-5ca90ff9eef3",
              "isHook": false,
              "skipped": false
            },
            {
              "title": "Add a new Job Title",
              "fullTitle": "Admin - Job - Job Titles Add a new Job Title",
              "timedOut": null,
              "duration": 28992,
              "state": "passed",
              "speed": "slow",
              "pass": true,
              "fail": false,
              "pending": false,
              "context": null,
              "code": "jobTitle.addJobTitle('Cypress Automation', 'Automate all test', 'Love Automation', true);\njobTitle.addJobTitle('Cypress Automation 1', false);\njobTitle.addJobTitle('Cypress Automation 2', false);",
              "err": {},
              "uuid": "469a1934-0ad2-4ae1-8dfb-e5430001492d",
              "parentUUID": "58afde4b-0feb-4dc8-8454-5ca90ff9eef3",
              "isHook": false,
              "skipped": false
            },
            {
              "title": "Edit an existing Job Title",
              "fullTitle": "Admin - Job - Job Titles Edit an existing Job Title",
              "timedOut": null,
              "duration": 8479,
              "state": "passed",
              "speed": "medium",
              "pass": true,
              "fail": false,
              "pending": false,
              "context": null,
              "code": "jobTitle.editJobTitle('Cypress Automation', 'Senior Cypress Automation');",
              "err": {},
              "uuid": "ba4c46a3-8370-4a0a-8d0f-8d26bec17098",
              "parentUUID": "58afde4b-0feb-4dc8-8454-5ca90ff9eef3",
              "isHook": false,
              "skipped": false
            },
            {
              "title": "Delete a Job Title",
              "fullTitle": "Admin - Job - Job Titles Delete a Job Title",
              "timedOut": null,
              "duration": 205,
              "state": "passed",
              "speed": "fast",
              "pass": true,
              "fail": false,
              "pending": false,
              "context": null,
              "code": "jobTitle.deleteJobTitle('Senior Cypress Automation');",
              "err": {},
              "uuid": "da91669b-02b0-432f-8ad1-452e2c499d30",
              "parentUUID": "58afde4b-0feb-4dc8-8454-5ca90ff9eef3",
              "isHook": false,
              "skipped": false
            },
            {
              "title": "Delete Multiple Usernames",
              "fullTitle": "Admin - Job - Job Titles Delete Multiple Usernames",
              "timedOut": null,
              "duration": 3609,
              "state": "passed",
              "speed": "fast",
              "pass": true,
              "fail": false,
              "pending": false,
              "context": null,
              "code": "jobTitle.deleteMultipleJobTitles(['Cypress Automation 1', 'Cypress Automation 2']);",
              "err": {},
              "uuid": "c44c183c-a14c-4d51-88da-fe129dca94bd",
              "parentUUID": "58afde4b-0feb-4dc8-8454-5ca90ff9eef3",
              "isHook": false,
              "skipped": false
            }
          ],
          "suites": [],
          "passes": [
            "bb73245e-881d-405a-bb73-74659d0ef623",
            "76956360-b9e8-4984-90f6-49fb20a0c48e",
            "469a1934-0ad2-4ae1-8dfb-e5430001492d",
            "ba4c46a3-8370-4a0a-8d0f-8d26bec17098",
            "da91669b-02b0-432f-8ad1-452e2c499d30",
            "c44c183c-a14c-4d51-88da-fe129dca94bd"
          ],
          "failures": [],
          "pending": [],
          "skipped": [],
          "duration": 53894,
          "root": false,
          "rootEmpty": false,
          "_timeout": 2000
        }
      ],
      "passes": [],
      "failures": [],
      "pending": [],
      "skipped": [],
      "duration": 0,
      "root": true,
      "rootEmpty": true,
      "_timeout": 2000
    }
  ],
  "meta": {
    "mocha": {
      "version": "7.0.1"
    },
    "mochawesome": {
      "options": {
        "quiet": false,
        "reportFilename": "mochawesome",
        "saveHtml": true,
        "saveJson": true,
        "consoleReporter": "spec",
        "useInlineDiffs": false,
        "code": true
      },
      "version": "7.1.3"
    },
    "marge": {
      "options": {
        "reportDir": "cypress/reports/mochawesome-report",
        "overwrite": false,
        "html": true,
        "json": true
      },
      "version": "6.2.0"
    }
  }
}