{
  "stats": {
    "suites": 1,
    "tests": 2,
    "passes": 2,
    "pending": 0,
    "failures": 0,
    "start": "2025-02-24T07:07:14.159Z",
    "end": "2025-02-24T07:07:17.368Z",
    "duration": 3209,
    "testsRegistered": 2,
    "passPercent": 100,
    "pendingPercent": 0,
    "other": 0,
    "hasOther": false,
    "skipped": 0,
    "hasSkipped": false
  },
  "results": [
    {
      "uuid": "fc0551b9-74b4-4d5a-8839-3f6d18159625",
      "title": "",
      "fullFile": "cypress\\ProjectTraining\\example.cy.js",
      "file": "cypress\\ProjectTraining\\example.cy.js",
      "beforeHooks": [],
      "afterHooks": [],
      "tests": [],
      "suites": [
        {
          "uuid": "aacf50fe-1774-4be5-bbc0-66883ff8b642",
          "title": "Example",
          "fullFile": "",
          "file": "",
          "beforeHooks": [],
          "afterHooks": [],
          "tests": [
            {
              "title": "Open URL",
              "fullTitle": "Example Open URL",
              "timedOut": null,
              "duration": 1163,
              "state": "passed",
              "speed": "fast",
              "pass": true,
              "fail": false,
              "pending": false,
              "context": null,
              "code": "cy.visit('https://example.cypress.io');",
              "err": {},
              "uuid": "6ef0bed1-26f4-4b72-838e-240105c22a56",
              "parentUUID": "aacf50fe-1774-4be5-bbc0-66883ff8b642",
              "isHook": false,
              "skipped": false
            },
            {
              "title": "Title",
              "fullTitle": "Example Title",
              "timedOut": null,
              "duration": 19,
              "state": "passed",
              "speed": "fast",
              "pass": true,
              "fail": false,
              "pending": false,
              "context": null,
              "code": "cy.get('h1').should('have.text', 'Kitchen Sink');",
              "err": {},
              "uuid": "3d860990-b9cc-43c6-a913-c764686469c7",
              "parentUUID": "aacf50fe-1774-4be5-bbc0-66883ff8b642",
              "isHook": false,
              "skipped": false
            }
          ],
          "suites": [],
          "passes": [
            "6ef0bed1-26f4-4b72-838e-240105c22a56",
            "3d860990-b9cc-43c6-a913-c764686469c7"
          ],
          "failures": [],
          "pending": [],
          "skipped": [],
          "duration": 1182,
          "root": false,
          "rootEmpty": false,
          "_timeout": 2000
        }
      ],
      "passes": [],
      "failures": [],
      "pending": [],
      "skipped": [],
      "duration": 0,
      "root": true,
      "rootEmpty": true,
      "_timeout": 2000
    }
  ],
  "meta": {
    "mocha": {
      "version": "7.0.1"
    },
    "mochawesome": {
      "options": {
        "quiet": false,
        "reportFilename": "mochawesome",
        "saveHtml": true,
        "saveJson": true,
        "consoleReporter": "spec",
        "useInlineDiffs": false,
        "code": true
      },
      "version": "7.1.3"
    },
    "marge": {
      "options": {
        "reportDir": "cypress/reports/mochawesome-report",
        "overwrite": false,
        "html": true,
        "json": true
      },
      "version": "6.2.0"
    }
  }
}