{
  "stats": {
    "suites": 1,
    "tests": 3,
    "passes": 3,
    "pending": 0,
    "failures": 0,
    "start": "2025-02-23T15:46:25.638Z",
    "end": "2025-02-23T15:46:31.844Z",
    "duration": 6206,
    "testsRegistered": 3,
    "passPercent": 100,
    "pendingPercent": 0,
    "other": 0,
    "hasOther": false,
    "skipped": 0,
    "hasSkipped": false
  },
  "results": [
    {
      "uuid": "aec1b79f-d366-4d91-93e2-c3804dc6195b",
      "title": "",
      "fullFile": "cypress\\testcases\\saucedemo\\SelectItems.cy.js",
      "file": "cypress\\testcases\\saucedemo\\SelectItems.cy.js",
      "beforeHooks": [],
      "afterHooks": [],
      "tests": [],
      "suites": [
        {
          "uuid": "2207ae84-b50e-49a0-8672-ecebe2562964",
          "title": "Select Items",
          "fullFile": "",
          "file": "",
          "beforeHooks": [],
          "afterHooks": [],
          "tests": [
            {
              "title": "2 items",
              "fullTitle": "Select Items 2 items",
              "timedOut": null,
              "duration": 2215,
              "state": "passed",
              "speed": "fast",
              "pass": true,
              "fail": false,
              "pending": false,
              "context": null,
              "code": "_LoginPage.default.visit();\n_LoginPage.default.login('standard_user', 'secret_sauce');\n_ProductsPage.default.selectItems(2);\n_ProductsPage.default.checkCartItemCount(2);",
              "err": {},
              "uuid": "44eb4a86-41e1-4621-b510-7504bae320a2",
              "parentUUID": "2207ae84-b50e-49a0-8672-ecebe2562964",
              "isHook": false,
              "skipped": false
            },
            {
              "title": "3 items",
              "fullTitle": "Select Items 3 items",
              "timedOut": null,
              "duration": 663,
              "state": "passed",
              "speed": "fast",
              "pass": true,
              "fail": false,
              "pending": false,
              "context": null,
              "code": "_ProductsPage.default.selectItems(3);\n_ProductsPage.default.checkCartItemCount(3);",
              "err": {},
              "uuid": "971b16fb-a2b7-4191-8d6a-814520dd3ae0",
              "parentUUID": "2207ae84-b50e-49a0-8672-ecebe2562964",
              "isHook": false,
              "skipped": false
            },
            {
              "title": "4 items",
              "fullTitle": "Select Items 4 items",
              "timedOut": null,
              "duration": 864,
              "state": "passed",
              "speed": "fast",
              "pass": true,
              "fail": false,
              "pending": false,
              "context": null,
              "code": "_ProductsPage.default.selectItems(4);\n_ProductsPage.default.checkCartItemCount(4);",
              "err": {},
              "uuid": "d8bb9c18-5316-494f-bb5a-421850318a96",
              "parentUUID": "2207ae84-b50e-49a0-8672-ecebe2562964",
              "isHook": false,
              "skipped": false
            }
          ],
          "suites": [],
          "passes": [
            "44eb4a86-41e1-4621-b510-7504bae320a2",
            "971b16fb-a2b7-4191-8d6a-814520dd3ae0",
            "d8bb9c18-5316-494f-bb5a-421850318a96"
          ],
          "failures": [],
          "pending": [],
          "skipped": [],
          "duration": 3742,
          "root": false,
          "rootEmpty": false,
          "_timeout": 2000
        }
      ],
      "passes": [],
      "failures": [],
      "pending": [],
      "skipped": [],
      "duration": 0,
      "root": true,
      "rootEmpty": true,
      "_timeout": 2000
    }
  ],
  "meta": {
    "mocha": {
      "version": "7.0.1"
    },
    "mochawesome": {
      "options": {
        "quiet": false,
        "reportFilename": "mochawesome",
        "saveHtml": true,
        "saveJson": true,
        "consoleReporter": "spec",
        "useInlineDiffs": false,
        "code": true
      },
      "version": "7.1.3"
    },
    "marge": {
      "options": null,
      "version": "6.2.0"
    }
  }
}